0 info it worked if it ends with ok
1 verbose cli [ 'C:\\Program Files\\nodejs\\node.exe',
1 verbose cli   'C:\\Users\\mulas\\AppData\\Roaming\\npm\\node_modules\\npm\\bin\\npm-cli.js',
1 verbose cli   'publish' ]
2 info using npm@3.10.5
3 info using node@v6.3.1
4 verbose publish [ '.' ]
5 silly cache add args [ '.', null ]
6 verbose cache add spec .
7 silly cache add parsed spec Result {
7 silly cache add   raw: '.',
7 silly cache add   scope: null,
7 silly cache add   escapedName: null,
7 silly cache add   name: null,
7 silly cache add   rawSpec: '.',
7 silly cache add   spec: 'E:\\source\\create-ts-app',
7 silly cache add   type: 'directory' }
8 verbose addLocalDirectory C:\Users\mulas\AppData\Roaming\npm-cache\tsapp-scripts\0.2.8\package.tgz not in flight; packing
9 verbose correctMkdir C:\Users\mulas\AppData\Roaming\npm-cache correctMkdir not in flight; initializing
10 info lifecycle tsapp-scripts@0.2.8~prepublish: tsapp-scripts@0.2.8
11 silly lifecycle tsapp-scripts@0.2.8~prepublish: no script for prepublish, continuing
12 verbose tar pack [ 'C:\\Users\\mulas\\AppData\\Roaming\\npm-cache\\tsapp-scripts\\0.2.8\\package.tgz',
12 verbose tar pack   'E:\\source\\create-ts-app' ]
13 verbose tarball C:\Users\mulas\AppData\Roaming\npm-cache\tsapp-scripts\0.2.8\package.tgz
14 verbose folder E:\source\create-ts-app
15 verbose addLocalTarball adding from inside cache C:\Users\mulas\AppData\Roaming\npm-cache\tsapp-scripts\0.2.8\package.tgz
16 verbose correctMkdir C:\Users\mulas\AppData\Roaming\npm-cache correctMkdir not in flight; initializing
17 silly cache afterAdd tsapp-scripts@0.2.8
18 verbose afterAdd C:\Users\mulas\AppData\Roaming\npm-cache\tsapp-scripts\0.2.8\package\package.json not in flight; writing
19 verbose correctMkdir C:\Users\mulas\AppData\Roaming\npm-cache correctMkdir not in flight; initializing
20 verbose afterAdd C:\Users\mulas\AppData\Roaming\npm-cache\tsapp-scripts\0.2.8\package\package.json written
21 silly publish { name: 'tsapp-scripts',
21 silly publish   version: '0.2.8',
21 silly publish   description: 'Configuration and scripts for Create react/redux typescript App .',
21 silly publish   repository: { type: 'git', url: 'https://github.com/vgmr/create-ts-app/' },
21 silly publish   license: 'BSD-3-Clause',
21 silly publish   engines: { node: '>=4' },
21 silly publish   bugs: { url: 'https://github.com/vgmr/create-ts-app/issues' },
21 silly publish   scripts:
21 silly publish    { build: 'node scripts/build.js --debug-template',
21 silly publish      'create-ts-app': 'node global-cli/index.js --scripts-version "$PWD/`npm pack`"',
21 silly publish      e2e: 'tasks/e2e.sh',
21 silly publish      start: 'node scripts/start.js --debug-template',
21 silly publish      test: 'node scripts/test.js --debug-template --u',
21 silly publish      'test:watch': 'npm run -s test & npm run -s test --  --u --watch --onlyChanged' },
21 silly publish   files: [ 'PATENTS', 'bin', 'config', 'scripts', 'template' ],
21 silly publish   bin: { 'tsapp-scripts': './bin/tsapp-scripts.js' },
21 silly publish   dependencies:
21 silly publish    { autoprefixer: '6.4.0',
21 silly publish      'babel-core': '6.11.4',
21 silly publish      'babel-jest': '14.1.0',
21 silly publish      'babel-loader': '6.2.4',
21 silly publish      'babel-plugin-syntax-async-functions': '6.8.0',
21 silly publish      'babel-plugin-syntax-trailing-function-commas': '6.8.0',
21 silly publish      'babel-plugin-transform-class-properties': '6.11.5',
21 silly publish      'babel-plugin-transform-object-rest-spread': '6.8.0',
21 silly publish      'babel-plugin-transform-react-constant-elements': '6.9.1',
21 silly publish      'babel-plugin-transform-regenerator': '6.11.4',
21 silly publish      'babel-plugin-transform-runtime': '6.12.0',
21 silly publish      'babel-preset-es2015': '6.9.0',
21 silly publish      'babel-preset-es2016': '6.11.3',
21 silly publish      'babel-preset-react': '6.11.1',
21 silly publish      'babel-runtime': '6.11.6',
21 silly publish      'case-sensitive-paths-webpack-plugin': '1.1.3',
21 silly publish      chalk: '1.1.3',
21 silly publish      'connect-history-api-fallback': '1.3.0',
21 silly publish      'cross-spawn': '4.0.0',
21 silly publish      'css-loader': '0.23.1',
21 silly publish      'detect-port': '1.0.0',
21 silly publish      'extract-text-webpack-plugin': '1.0.1',
21 silly publish      'file-loader': '0.9.0',
21 silly publish      filesize: '3.3.0',
21 silly publish      'fs-extra': '0.30.0',
21 silly publish      'gzip-size': '3.0.0',
21 silly publish      'html-loader': '0.4.3',
21 silly publish      'html-webpack-plugin': '2.22.0',
21 silly publish      'http-proxy-middleware': '0.17.0',
21 silly publish      jest: '14.1.0',
21 silly publish      'json-loader': '0.5.4',
21 silly publish      'node-sass': '^3.8.0',
21 silly publish      'object-assign': '4.1.0',
21 silly publish      opn: '4.0.2',
21 silly publish      'path-exists': '3.0.0',
21 silly publish      'postcss-loader': '0.9.1',
21 silly publish      promise: '7.1.1',
21 silly publish      'recursive-readdir': '2.0.0',
21 silly publish      rimraf: '2.5.4',
21 silly publish      'sass-loader': '^4.0.0',
21 silly publish      'strip-ansi': '3.0.1',
21 silly publish      'style-loader': '0.13.1',
21 silly publish      'ts-loader': '^0.8.2',
21 silly publish      typescript: '^2.1.5',
21 silly publish      'url-loader': '0.5.7',
21 silly publish      webpack: '1.13.1',
21 silly publish      'webpack-dev-server': '1.14.1',
21 silly publish      'whatwg-fetch': '1.0.0',
21 silly publish      fsevents: '1.0.14' },
21 silly publish   devDependencies:
21 silly publish    { '@types/expect': '^1.13.30',
21 silly publish      '@types/history': '^2.0.39',
21 silly publish      '@types/jest': '^15.1.32',
21 silly publish      '@types/node': '^6.0.46',
21 silly publish      '@types/react-bootstrap': '0.0.34',
21 silly publish      '@types/react-dom': '^0.14.18',
21 silly publish      '@types/react-redux': '^4.4.32',
21 silly publish      '@types/react-router': '^2.0.38',
21 silly publish      '@types/redux-thunk': '^2.1.31',
21 silly publish      '@types/whatwg-fetch': '0.0.32',
21 silly publish      '@types/whatwg-streams': '0.0.1',
21 silly publish      bootstrap: '^3.3.7',
21 silly publish      'bundle-deps': '1.0.0',
21 silly publish      react: '^15.3.0',
21 silly publish      'react-addons-css-transition-group': '^15.3.0',
21 silly publish      'react-bootstrap': '^0.30.2',
21 silly publish      'react-dom': '^15.3.0',
21 silly publish      'react-redux': '^4.4.5',
21 silly publish      'react-router': '^2.6.1',
21 silly publish      'react-test-renderer': '^15.3.0',
21 silly publish      redux: '^3.5.2',
21 silly publish      'redux-helper': '~0.0.28',
21 silly publish      'redux-thunk': '^2.1.0' },
21 silly publish   optionalDependencies: { fsevents: '1.0.14' },
21 silly publish   readme: '# Create-ts-app \r\n_this is a fork of facebook [create-react-app](https://github.com/facebookincubator/create-react-app)_ \r\n\r\n[![npm version](https://img.shields.io/npm/v/tsapp-scripts.svg?style=flat)](https://www.npmjs.com/package/create-ts-app) [![build](https://travis-ci.org/vgmr/create-ts-app.svg)](https://travis-ci.org/vgmr/create-ts-app)\r\n\r\n[![dependency](https://david-dm.org/vgmr/create-ts-app/status.svg)](https://david-dm.org/vgmr/create-ts-app) [![devDep](https://david-dm.org/vgmr/create-ts-app/dev-status.svg)](https://david-dm.org/vgmr/create-ts-app?type=dev)\r\n\r\n\r\nCreate React apps with no build configuration.\r\nIncludes:\r\n\r\n* react\r\n* redux\r\n* bootstrap\r\n* jest\r\n* sass\r\n\r\n```sh\r\nnpm install -g create-ts-app\r\n\r\ncreate-ts-app my-app\r\ncd my-app/\r\nnpm start\r\n\r\n```\r\n\r\nThen open [http://localhost:7777/](http://localhost:7777/) to see your app.<br>\r\nWhen you’re ready to deploy to production, create a minified bundle with `npm run build`.\r\n',
21 silly publish   readmeFilename: 'README.md',
21 silly publish   gitHead: 'd89a17672d0aef95ac322a53d3f682e12d6a0b03',
21 silly publish   _id: 'tsapp-scripts@0.2.8',
21 silly publish   _shasum: '7722f7a60c20426d143af15c46fa616da556378d',
21 silly publish   _from: '.' }
22 verbose getPublishConfig undefined
23 silly mapToRegistry name tsapp-scripts
24 silly mapToRegistry using default registry
25 silly mapToRegistry registry http://registry.npmjs.org/
26 silly mapToRegistry data Result {
26 silly mapToRegistry   raw: 'tsapp-scripts',
26 silly mapToRegistry   scope: null,
26 silly mapToRegistry   escapedName: 'tsapp-scripts',
26 silly mapToRegistry   name: 'tsapp-scripts',
26 silly mapToRegistry   rawSpec: '',
26 silly mapToRegistry   spec: 'latest',
26 silly mapToRegistry   type: 'tag' }
27 silly mapToRegistry uri http://registry.npmjs.org/tsapp-scripts
28 verbose publish registryBase http://registry.npmjs.org/
29 silly publish uploading C:\Users\mulas\AppData\Roaming\npm-cache\tsapp-scripts\0.2.8\package.tgz
30 verbose request uri http://registry.npmjs.org/tsapp-scripts
31 verbose request sending authorization for write operation
32 info attempt registry request try #1 at 10:58:38 PM
33 verbose request using bearer token for auth
34 verbose request id 9e60ae6bae9cb4b9
35 http request PUT http://registry.npmjs.org/tsapp-scripts
36 http 403 http://registry.npmjs.org/tsapp-scripts
37 verbose headers { 'content-type': 'application/json',
37 verbose headers   'cache-control': 'max-age=300',
37 verbose headers   'content-length': '95',
37 verbose headers   'accept-ranges': 'bytes',
37 verbose headers   date: 'Wed, 18 Jan 2017 21:58:39 GMT',
37 verbose headers   via: '1.1 varnish',
37 verbose headers   connection: 'keep-alive',
37 verbose headers   'x-served-by': 'cache-ams4449-AMS',
37 verbose headers   'x-cache': 'MISS',
37 verbose headers   'x-cache-hits': '0',
37 verbose headers   'x-timer': 'S1484776718.205284,VS0,VE1253',
37 verbose headers   vary: 'Accept-Encoding' }
38 verbose request invalidating C:\Users\mulas\AppData\Roaming\npm-cache\registry.npmjs.org\tsapp-scripts on PUT
39 error publish Failed PUT 403
40 verbose stack Error: "You cannot publish over the previously published version 0.2.8." : tsapp-scripts
40 verbose stack     at makeError (C:\Users\mulas\AppData\Roaming\npm\node_modules\npm\node_modules\npm-registry-client\lib\request.js:264:12)
40 verbose stack     at CachingRegistryClient.<anonymous> (C:\Users\mulas\AppData\Roaming\npm\node_modules\npm\node_modules\npm-registry-client\lib\request.js:252:14)
40 verbose stack     at Request._callback (C:\Users\mulas\AppData\Roaming\npm\node_modules\npm\node_modules\npm-registry-client\lib\request.js:172:14)
40 verbose stack     at Request.self.callback (C:\Users\mulas\AppData\Roaming\npm\node_modules\npm\node_modules\request\request.js:200:22)
40 verbose stack     at emitTwo (events.js:106:13)
40 verbose stack     at Request.emit (events.js:191:7)
40 verbose stack     at Request.<anonymous> (C:\Users\mulas\AppData\Roaming\npm\node_modules\npm\node_modules\request\request.js:1067:10)
40 verbose stack     at emitOne (events.js:101:20)
40 verbose stack     at Request.emit (events.js:188:7)
40 verbose stack     at IncomingMessage.<anonymous> (C:\Users\mulas\AppData\Roaming\npm\node_modules\npm\node_modules\request\request.js:988:12)
41 verbose statusCode 403
42 verbose pkgid tsapp-scripts
43 verbose cwd E:\source\create-ts-app
44 error Windows_NT 6.3.9600
45 error argv "C:\\Program Files\\nodejs\\node.exe" "C:\\Users\\mulas\\AppData\\Roaming\\npm\\node_modules\\npm\\bin\\npm-cli.js" "publish"
46 error node v6.3.1
47 error npm  v3.10.5
48 error code E403
49 error "You cannot publish over the previously published version 0.2.8." : tsapp-scripts
50 error If you need help, you may report this error at:
50 error     <https://github.com/npm/npm/issues>
51 verbose exit [ 1, true ]
